{"numFailedTestSuites":0,"numFailedTests":0,"numPassedTestSuites":2,"numPassedTests":2,"numPendingTestSuites":0,"numPendingTests":0,"numRuntimeErrorTestSuites":0,"numTodoTests":0,"numTotalTestSuites":2,"numTotalTests":2,"openHandles":[],"snapshot":{"added":0,"didUpdate":false,"failure":false,"filesAdded":0,"filesRemoved":0,"filesRemovedList":[],"filesUnmatched":0,"filesUpdated":0,"matched":0,"total":0,"unchecked":0,"uncheckedKeysByFile":[],"unmatched":0,"updated":0},"startTime":1778871162965,"success":true,"testResults":[{"assertionResults":[{"ancestorTitles":["Outbox TRADE_CLOSED → reflection (integration)"],"duration":1390,"failing":false,"failureDetails":[],"failureMessages":[],"fullName":"Outbox TRADE_CLOSED → reflection (integration) processes TRADE_CLOSED outbox job and sets reflection on sell trade","invocations":1,"location":null,"numPassingAsserts":5,"retryReasons":[],"startAt":1778871166309,"status":"passed","title":"processes TRADE_CLOSED outbox job and sets reflection on sell trade"}],"endTime":1778871167739,"message":"","name":"D:\\Projects\\Stock Trading Platform\\backend\\tests\\integration\\outbox.tradeClosed.e2e.test.js","startTime":1778871163183,"status":"passed","summary":""},{"assertionResults":[{"ancestorTitles":["SYSTEM AUDIT — PHASE 1 (TRUTH + ENFORCEMENT)"],"duration":1538,"failing":false,"failureDetails":[],"failureMessages":[],"fullName":"SYSTEM AUDIT — PHASE 1 (TRUTH + ENFORCEMENT) Full System Audit Execution","invocations":1,"location":null,"numPassingAsserts":9,"retryReasons":[],"startAt":1778871171679,"status":"passed","title":"Full System Audit Execution"}],"endTime":1778871173326,"message":"","name":"D:\\Projects\\Stock Trading Platform\\backend\\tests\\integration\\system.audit.test.js","startTime":1778871167771,"status":"passed","summary":""}],"wasInterrupted":false}
