{"numFailedTestSuites":1,"numFailedTests":1,"numPassedTestSuites":48,"numPassedTests":201,"numPendingTestSuites":0,"numPendingTests":0,"numRuntimeErrorTestSuites":0,"numTodoTests":0,"numTotalTestSuites":49,"numTotalTests":202,"openHandles":[],"snapshot":{"added":0,"didUpdate":false,"failure":false,"filesAdded":0,"filesRemoved":0,"filesRemovedList":[],"filesUnmatched":0,"filesUpdated":0,"matched":0,"total":0,"unchecked":0,"uncheckedKeysByFile":[],"unmatched":0,"updated":0},"startTime":1778864762147,"success":false,"testResults":[{"assertionResults":[{"ancestorTitles":["Outbox TRADE_CLOSED → reflection (integration)"],"duration":904,"failing":false,"failureDetails":[{"matcherResult":{"actual":null,"expected":"DONE","message":"expect(received).toBe(expected) // Object.is equality\n\nExpected: \"DONE\"\nReceived: null","name":"toBe","pass":false}}],"failureMessages":["Error: expect(received).toBe(expected) // Object.is equality\n\nExpected: \"DONE\"\nReceived: null\n    at Object.toBe (D:\\Projects\\Stock Trading Platform\\backend\\tests\\integration\\outbox.tradeClosed.e2e.test.js:115:38)\n    at processTicksAndRejections (node:internal/process/task_queues:105:5)"],"fullName":"Outbox TRADE_CLOSED → reflection (integration) processes TRADE_CLOSED outbox job and sets reflection on sell trade","invocations":1,"location":null,"numPassingAsserts":0,"retryReasons":[],"startAt":1778864766453,"status":"failed","title":"processes TRADE_CLOSED outbox job and sets reflection on sell trade"}],"endTime":1778864767449,"message":"  ● Outbox TRADE_CLOSED → reflection (integration) › processes TRADE_CLOSED outbox job and sets reflection on sell trade\n\n    expect(received).toBe(expected) // Object.is equality\n\n    Expected: \"DONE\"\n    Received: null\n\n    \u001b[0m \u001b[90m 113 |\u001b[39m\n     \u001b[90m 114 |\u001b[39m     \u001b[36mconst\u001b[39m updated \u001b[33m=\u001b[39m \u001b[36mawait\u001b[39m \u001b[33mTrade\u001b[39m\u001b[33m.\u001b[39mfindById(sell\u001b[33m.\u001b[39m_id)\u001b[33m.\u001b[39mlean()\u001b[33m;\u001b[39m\n    \u001b[31m\u001b[1m>\u001b[22m\u001b[39m\u001b[90m 115 |\u001b[39m     expect(updated\u001b[33m.\u001b[39mreflectionStatus)\u001b[33m.\u001b[39mtoBe(\u001b[32m\"DONE\"\u001b[39m)\u001b[33m;\u001b[39m\n     \u001b[90m     |\u001b[39m                                      \u001b[31m\u001b[1m^\u001b[22m\u001b[39m\n     \u001b[90m 116 |\u001b[39m     expect(updated\u001b[33m.\u001b[39mlearningOutcome)\u001b[33m.\u001b[39mtoBeTruthy()\u001b[33m;\u001b[39m\n     \u001b[90m 117 |\u001b[39m     expect(\u001b[36mtypeof\u001b[39m updated\u001b[33m.\u001b[39mlearningOutcome\u001b[33m.\u001b[39mverdict)\u001b[33m.\u001b[39mtoBe(\u001b[32m\"string\"\u001b[39m)\u001b[33m;\u001b[39m\n     \u001b[90m 118 |\u001b[39m     expect(updated\u001b[33m.\u001b[39mstatus)\u001b[33m.\u001b[39mtoBe(\u001b[32m\"COMPLETE\"\u001b[39m)\u001b[33m;\u001b[39m\u001b[0m\n\n      at Object.toBe (tests/integration/outbox.tradeClosed.e2e.test.js:115:38)\n","name":"D:\\Projects\\Stock Trading Platform\\backend\\tests\\integration\\outbox.tradeClosed.e2e.test.js","startTime":1778864762605,"status":"failed","summary":""},{"assertionResults":[{"ancestorTitles":["Holdings collection integrity"],"duration":1827,"failing":false,"failureDetails":[],"failureMessages":[],"fullName":"Holdings collection integrity BUY creates holding","invocations":1,"location":null,"numPassingAsserts":3,"retryReasons":[],"startAt":1778864772590,"status":"passed","title":"BUY creates holding"},{"ancestorTitles":["Holdings collection integrity"],"duration":2409,"failing":false,"failureDetails":[],"failureMessages":[],"fullName":"Holdings collection integrity BUY updates existing holding avgPricePaise","invocations":1,"location":null,"numPassingAsserts":2,"retryReasons":[],"startAt":1778864774419,"status":"passed","title":"BUY updates existing holding avgPricePaise"},{"ancestorTitles":["Holdings collection integrity"],"duration":1749,"failing":false,"failureDetails":[],"failureMessages":[],"fullName":"Holdings collection integrity SELL reduces quantity","invocations":1,"location":null,"numPassingAsserts":2,"retryReasons":[],"startAt":1778864776828,"status":"passed","title":"SELL reduces quantity"},{"ancestorTitles":["Holdings collection integrity"],"duration":1332,"failing":false,"failureDetails":[],"failureMessages":[],"fullName":"Holdings collection integrity SELL deletes holding when quantity reaches zero","invocations":1,"location":null,"numPassingAsserts":1,"retryReasons":[],"startAt":1778864778577,"status":"passed","title":"SELL deletes holding when quantity reaches zero"},{"ancestorTitles":["Holdings collection integrity"],"duration":1317,"failing":false,"failureDetails":[],"failureMessages":[],"fullName":"Holdings collection integrity SELL fails when quantity is insufficient","invocations":1,"location":null,"numPassingAsserts":1,"retryReasons":[],"startAt":1778864779910,"status":"passed","title":"SELL fails when quantity is insufficient"},{"ancestorTitles":["Holdings collection integrity"],"duration":3462,"failing":false,"failureDetails":[],"failureMessages":[],"fullName":"Holdings collection integrity parallel BUY updates same symbol without avgPrice corruption","invocations":1,"location":null,"numPassingAsserts":2,"retryReasons":[],"startAt":1778864781228,"status":"passed","title":"parallel BUY updates same symbol without avgPrice corruption"}],"endTime":1778864785737,"message":"","name":"D:\\Projects\\Stock Trading Platform\\backend\\tests\\integration\\holdings.collection.test.js","startTime":1778864767552,"status":"passed","summary":""},{"assertionResults":[{"ancestorTitles":["SYSTEM AUDIT — PHASE 1 (TRUTH + ENFORCEMENT)"],"duration":955,"failing":false,"failureDetails":[],"failureMessages":[],"fullName":"SYSTEM AUDIT — PHASE 1 (TRUTH + ENFORCEMENT) Full System Audit Execution","invocations":1,"location":null,"numPassingAsserts":9,"retryReasons":[],"startAt":1778864791677,"status":"passed","title":"Full System Audit Execution"}],"endTime":1778864792712,"message":"","name":"D:\\Projects\\Stock Trading Platform\\backend\\tests\\integration\\system.audit.test.js","startTime":1778864785866,"status":"passed","summary":""},{"assertionResults":[{"ancestorTitles":["Institutional Trade Integrity Suite (Full Hardening Audit)"],"duration":1051,"failing":false,"failureDetails":[],"failureMessages":[],"fullName":"Institutional Trade Integrity Suite (Full Hardening Audit) 1. Full Lifecycle: BUY -> SELL -> Snapshot -> Reflection Integrity","invocations":1,"location":null,"numPassingAsserts":10,"retryReasons":[],"startAt":1778864794330,"status":"passed","title":"1. Full Lifecycle: BUY -> SELL -> Snapshot -> Reflection Integrity"},{"ancestorTitles":["Institutional Trade Integrity Suite (Full Hardening Audit)"],"duration":115,"failing":false,"failureDetails":[],"failureMessages":[],"fullName":"Institutional Trade Integrity Suite (Full Hardening Audit) 2. System Enforcement: Reject Invalid Trade (Bad RR)","invocations":1,"location":null,"numPassingAsserts":2,"retryReasons":[],"startAt":1778864795382,"status":"passed","title":"2. System Enforcement: Reject Invalid Trade (Bad RR)"},{"ancestorTitles":["Institutional Trade Integrity Suite (Full Hardening Audit)"],"duration":55,"failing":false,"failureDetails":[],"failureMessages":[],"fullName":"Institutional Trade Integrity Suite (Full Hardening Audit) 3. Security Enforcement: Reject direct API call (no preTradeToken)","invocations":1,"location":null,"numPassingAsserts":2,"retryReasons":[],"startAt":1778864795498,"status":"passed","title":"3. Security Enforcement: Reject direct API call (no preTradeToken)"},{"ancestorTitles":["Institutional Trade Integrity Suite (Full Hardening Audit)"],"duration":549,"failing":false,"failureDetails":[],"failureMessages":[],"fullName":"Institutional Trade Integrity Suite (Full Hardening Audit) 4. Idempotency Guard","invocations":1,"location":null,"numPassingAsserts":3,"retryReasons":[],"startAt":1778864795553,"status":"passed","title":"4. Idempotency Guard"},{"ancestorTitles":["Institutional Trade Integrity Suite (Full Hardening Audit)"],"duration":637,"failing":false,"failureDetails":[],"failureMessages":[],"fullName":"Institutional Trade Integrity Suite (Full Hardening Audit) 5. FIFO Mapping","invocations":1,"location":null,"numPassingAsserts":3,"retryReasons":[],"startAt":1778864796102,"status":"passed","title":"5. FIFO Mapping"},{"ancestorTitles":["Institutional Trade Integrity Suite (Full Hardening Audit)"],"duration":551,"failing":false,"failureDetails":[],"failureMessages":[],"fullName":"Institutional Trade Integrity Suite (Full Hardening Audit) 6. Rate Limiting","invocations":1,"location":null,"numPassingAsserts":1,"retryReasons":[],"startAt":1778864796739,"status":"passed","title":"6. Rate Limiting"}],"endTime":1778864797371,"message":"","name":"D:\\Projects\\Stock Trading Platform\\backend\\tests\\integration\\trade.flow.test.js","startTime":1778864792727,"status":"passed","summary":""},{"assertionResults":[{"ancestorTitles":["contract enforcement"],"duration":727,"failing":false,"failureDetails":[],"failureMessages":[],"fullName":"contract enforcement blocks legacy response fields and keeps paise contract","invocations":1,"location":null,"numPassingAsserts":8,"retryReasons":[],"startAt":1778864799878,"status":"passed","title":"blocks legacy response fields and keeps paise contract"}],"endTime":1778864800682,"message":"","name":"D:\\Projects\\Stock Trading Platform\\backend\\tests\\integration\\contract.enforcement.test.js","startTime":1778864797389,"status":"passed","summary":""},{"assertionResults":[{"ancestorTitles":["🚀 PHASE 1-5: SYSTEM END-TO-END VALIDATION"],"duration":125,"failing":false,"failureDetails":[],"failureMessages":[],"fullName":"🚀 PHASE 1-5: SYSTEM END-TO-END VALIDATION 1. Verify Dashboard & Portfolio Readiness","invocations":1,"location":null,"numPassingAsserts":2,"retryReasons":[],"startAt":1778864802140,"status":"passed","title":"1. Verify Dashboard & Portfolio Readiness"},{"ancestorTitles":["🚀 PHASE 1-5: SYSTEM END-TO-END VALIDATION"],"duration":47,"failing":false,"failureDetails":[],"failureMessages":[],"fullName":"🚀 PHASE 1-5: SYSTEM END-TO-END VALIDATION 2. Verify Market Context Layer","invocations":1,"location":null,"numPassingAsserts":2,"retryReasons":[],"startAt":1778864802266,"status":"passed","title":"2. Verify Market Context Layer"},{"ancestorTitles":["🚀 PHASE 1-5: SYSTEM END-TO-END VALIDATION"],"duration":935,"failing":false,"failureDetails":[],"failureMessages":[],"fullName":"🚀 PHASE 1-5: SYSTEM END-TO-END VALIDATION 3. Integrated Multi-Phase Trade Lifecycle (BUY -> SELL)","invocations":1,"location":null,"numPassingAsserts":3,"retryReasons":[],"startAt":1778864802314,"status":"passed","title":"3. Integrated Multi-Phase Trade Lifecycle (BUY -> SELL)"},{"ancestorTitles":["🚀 PHASE 1-5: SYSTEM END-TO-END VALIDATION"],"duration":66,"failing":false,"failureDetails":[],"failureMessages":[],"fullName":"🚀 PHASE 1-5: SYSTEM END-TO-END VALIDATION 4. Verify Async Reflection & Journal Consistency","invocations":1,"location":null,"numPassingAsserts":1,"retryReasons":[],"startAt":1778864803250,"status":"passed","title":"4. Verify Async Reflection & Journal Consistency"},{"ancestorTitles":["🚀 PHASE 1-5: SYSTEM END-TO-END VALIDATION"],"duration":107,"failing":false,"failureDetails":[],"failureMessages":[],"fullName":"🚀 PHASE 1-5: SYSTEM END-TO-END VALIDATION 5. Verify Profile Score Progression","invocations":1,"location":null,"numPassingAsserts":1,"retryReasons":[],"startAt":1778864803316,"status":"passed","title":"5. Verify Profile Score Progression"},{"ancestorTitles":["🚀 PHASE 1-5: SYSTEM END-TO-END VALIDATION"],"duration":59,"failing":false,"failureDetails":[],"failureMessages":[],"fullName":"🚀 PHASE 1-5: SYSTEM END-TO-END VALIDATION 6. Verify System Trace Visibility","invocations":1,"location":null,"numPassingAsserts":3,"retryReasons":[],"startAt":1778864803423,"status":"passed","title":"6. Verify System Trace Visibility"}],"endTime":1778864803545,"message":"","name":"D:\\Projects\\Stock Trading Platform\\backend\\tests\\e2e.system.test.js","startTime":1778864800709,"status":"passed","summary":""},{"assertionResults":[{"ancestorTitles":["Auth Security Hardening"],"duration":462,"failing":false,"failureDetails":[],"failureMessages":[],"fullName":"Auth Security Hardening rejects refresh without x-csrf-token header","invocations":1,"location":null,"numPassingAsserts":5,"retryReasons":[],"startAt":1778864805570,"status":"passed","title":"rejects refresh without x-csrf-token header"},{"ancestorTitles":["Auth Security Hardening"],"duration":383,"failing":false,"failureDetails":[],"failureMessages":[],"fullName":"Auth Security Hardening rejects old refresh token replay after rotation","invocations":1,"location":null,"numPassingAsserts":6,"retryReasons":[],"startAt":1778864806033,"status":"passed","title":"rejects old refresh token replay after rotation"},{"ancestorTitles":["Auth Security Hardening"],"duration":511,"failing":false,"failureDetails":[],"failureMessages":[],"fullName":"Auth Security Hardening logout invalidates refresh token and clears cookies","invocations":1,"location":null,"numPassingAsserts":6,"retryReasons":[],"startAt":1778864806416,"status":"passed","title":"logout invalidates refresh token and clears cookies"}],"endTime":1778864807044,"message":"","name":"D:\\Projects\\Stock Trading Platform\\backend\\tests\\security\\auth.security.test.js","startTime":1778864803575,"status":"passed","summary":""},{"assertionResults":[{"ancestorTitles":["stop loss monitor double-cycle guard"],"duration":583,"failing":false,"failureDetails":[],"failureMessages":[],"fullName":"stop loss monitor double-cycle guard fires executeSellTrade once; second cycle sees pending SELL and skips","invocations":1,"location":null,"numPassingAsserts":2,"retryReasons":[],"startAt":1778864808015,"status":"passed","title":"fires executeSellTrade once; second cycle sees pending SELL and skips"},{"ancestorTitles":["stop loss monitor double-cycle guard"],"duration":335,"failing":false,"failureDetails":[],"failureMessages":[],"fullName":"stop loss monitor double-cycle guard uses TARGET idempotency key when take-profit level is hit","invocations":1,"location":null,"numPassingAsserts":2,"retryReasons":[],"startAt":1778864808599,"status":"passed","title":"uses TARGET idempotency key when take-profit level is hit"}],"endTime":1778864809037,"message":"","name":"D:\\Projects\\Stock Trading Platform\\backend\\tests\\integration\\stopLossMonitor.guard.test.js","startTime":1778864807063,"status":"passed","summary":""},{"assertionResults":[{"ancestorTitles":["PRICE_STALE slippage guard"],"duration":267,"failing":false,"failureDetails":[],"failureMessages":[],"fullName":"PRICE_STALE slippage guard rejects buy when client price is >0.5% away from live (422 PRICE_STALE)","invocations":1,"location":null,"numPassingAsserts":3,"retryReasons":[],"startAt":1778864810808,"status":"passed","title":"rejects buy when client price is >0.5% away from live (422 PRICE_STALE)"}],"endTime":1778864811157,"message":"","name":"D:\\Projects\\Stock Trading Platform\\backend\\tests\\integration\\trade.priceStale.test.js","startTime":1778864809066,"status":"passed","summary":""},{"assertionResults":[{"ancestorTitles":["squareoff intraday scope"],"duration":558,"failing":false,"failureDetails":[],"failureMessages":[],"fullName":"squareoff intraday scope only liquidates INTRADAY BUY EXECUTED rows (delivery untouched)","invocations":1,"location":null,"numPassingAsserts":4,"retryReasons":[],"startAt":1778864811938,"status":"passed","title":"only liquidates INTRADAY BUY EXECUTED rows (delivery untouched)"},{"ancestorTitles":["squareoff intraday scope"],"duration":265,"failing":false,"failureDetails":[],"failureMessages":[],"fullName":"squareoff intraday scope aggregates multiple INTRADAY EXECUTED rows for same user+symbol into one squareoff","invocations":1,"location":null,"numPassingAsserts":2,"retryReasons":[],"startAt":1778864812496,"status":"passed","title":"aggregates multiple INTRADAY EXECUTED rows for same user+symbol into one squareoff"}],"endTime":1778864812870,"message":"","name":"D:\\Projects\\Stock Trading Platform\\backend\\tests\\integration\\squareoff.intradayonly.test.js","startTime":1778864811189,"status":"passed","summary":""},{"assertionResults":[{"ancestorTitles":["token security enforcement"],"duration":76,"failing":false,"failureDetails":[],"failureMessages":[],"fullName":"token security enforcement rejects request when token is missing","invocations":1,"location":null,"numPassingAsserts":1,"retryReasons":[],"startAt":1778864814411,"status":"passed","title":"rejects request when token is missing"},{"ancestorTitles":["token security enforcement"],"duration":56,"failing":false,"failureDetails":[],"failureMessages":[],"fullName":"token security enforcement rejects access route when tokenType is refresh","invocations":1,"location":null,"numPassingAsserts":1,"retryReasons":[],"startAt":1778864814488,"status":"passed","title":"rejects access route when tokenType is refresh"},{"ancestorTitles":["token security enforcement"],"duration":51,"failing":false,"failureDetails":[],"failureMessages":[],"fullName":"token security enforcement rejects expired token","invocations":1,"location":null,"numPassingAsserts":1,"retryReasons":[],"startAt":1778864814545,"status":"passed","title":"rejects expired token"},{"ancestorTitles":["token security enforcement"],"duration":51,"failing":false,"failureDetails":[],"failureMessages":[],"fullName":"token security enforcement rejects refresh endpoint when access token is misused as refresh cookie","invocations":1,"location":null,"numPassingAsserts":1,"retryReasons":[],"startAt":1778864814596,"status":"passed","title":"rejects refresh endpoint when access token is misused as refresh cookie"}],"endTime":1778864814649,"message":"","name":"D:\\Projects\\Stock Trading Platform\\backend\\tests\\security\\token.security.test.js","startTime":1778864812885,"status":"passed","summary":""},{"assertionResults":[{"ancestorTitles":["GET /api/market/session"],"duration":249,"failing":false,"failureDetails":[],"failureMessages":[],"fullName":"GET /api/market/session returns contract fields for IST / NSE snapshot","invocations":1,"location":null,"numPassingAsserts":5,"retryReasons":[],"startAt":1778864816155,"status":"passed","title":"returns contract fields for IST / NSE snapshot"}],"endTime":1778864816406,"message":"","name":"D:\\Projects\\Stock Trading Platform\\backend\\tests\\integration\\market.session.contract.test.js","startTime":1778864814666,"status":"passed","summary":""},{"assertionResults":[{"ancestorTitles":["trade.service plan enforcement","BUY plan validation"],"duration":111,"failing":false,"failureDetails":[],"failureMessages":[],"fullName":"trade.service plan enforcement BUY plan validation rejects BUY when stopLossPaise/targetPricePaise are missing","invocations":1,"location":null,"numPassingAsserts":1,"retryReasons":[],"startAt":1778864817547,"status":"passed","title":"rejects BUY when stopLossPaise/targetPricePaise are missing"},{"ancestorTitles":["trade.service plan enforcement","BUY plan validation"],"duration":2,"failing":false,"failureDetails":[],"failureMessages":[],"fullName":"trade.service plan enforcement BUY plan validation rejects BUY when RR is below minimum","invocations":1,"location":null,"numPassingAsserts":1,"retryReasons":[],"startAt":1778864817659,"status":"passed","title":"rejects BUY when RR is below minimum"},{"ancestorTitles":["trade.service plan enforcement","BUY plan validation"],"duration":2,"failing":false,"failureDetails":[],"failureMessages":[],"fullName":"trade.service plan enforcement BUY plan validation returns server-computed RR for a valid BUY plan","invocations":1,"location":null,"numPassingAsserts":1,"retryReasons":[],"startAt":1778864817661,"status":"passed","title":"returns server-computed RR for a valid BUY plan"},{"ancestorTitles":["trade.service plan enforcement","SELL side guardrails"],"duration":3,"failing":false,"failureDetails":[],"failureMessages":[],"fullName":"trade.service plan enforcement SELL side guardrails enforces SELL target direction","invocations":1,"location":null,"numPassingAsserts":1,"retryReasons":[],"startAt":1778864817663,"status":"passed","title":"enforces SELL target direction"},{"ancestorTitles":["trade.service plan enforcement","SELL side guardrails"],"duration":2,"failing":false,"failureDetails":[],"failureMessages":[],"fullName":"trade.service plan enforcement SELL side guardrails enforces SELL stopLossPaise direction","invocations":1,"location":null,"numPassingAsserts":1,"retryReasons":[],"startAt":1778864817666,"status":"passed","title":"enforces SELL stopLossPaise direction"},{"ancestorTitles":["trade.service plan enforcement"],"duration":2,"failing":false,"failureDetails":[],"failureMessages":[],"fullName":"trade.service plan enforcement uses AppError with 400 status for invalid plans","invocations":1,"location":null,"numPassingAsserts":3,"retryReasons":[],"startAt":1778864817669,"status":"passed","title":"uses AppError with 400 status for invalid plans"}],"endTime":1778864817674,"message":"","name":"D:\\Projects\\Stock Trading Platform\\backend\\src\\services\\__tests__\\trade.service.planValidation.test.js","startTime":1778864816448,"status":"passed","summary":""},{"assertionResults":[{"ancestorTitles":["failure simulation"],"duration":10,"failing":false,"failureDetails":[],"failureMessages":[],"fullName":"failure simulation returns UNAVAILABLE when market data is missing","invocations":1,"location":null,"numPassingAsserts":2,"retryReasons":[],"startAt":1778864818545,"status":"passed","title":"returns UNAVAILABLE when market data is missing"},{"ancestorTitles":["failure simulation"],"duration":2,"failing":false,"failureDetails":[],"failureMessages":[],"fullName":"failure simulation returns UNAVAILABLE when AI service is unavailable","invocations":1,"location":null,"numPassingAsserts":2,"retryReasons":[],"startAt":1778864818556,"status":"passed","title":"returns UNAVAILABLE when AI service is unavailable"},{"ancestorTitles":["failure simulation"],"duration":51,"failing":false,"failureDetails":[],"failureMessages":[],"fullName":"failure simulation fails loudly when DB write fails during buy execution","invocations":1,"location":null,"numPassingAsserts":1,"retryReasons":[],"startAt":1778864818559,"status":"passed","title":"fails loudly when DB write fails during buy execution"}],"endTime":1778864818611,"message":"","name":"D:\\Projects\\Stock Trading Platform\\backend\\tests\\integration\\failure.simulation.test.js","startTime":1778864817712,"status":"passed","summary":""},{"assertionResults":[{"ancestorTitles":["system execution state claim"],"duration":125,"failing":false,"failureDetails":[],"failureMessages":[],"fullName":"system execution state claim only one leader claims a key; second gets null","invocations":1,"location":null,"numPassingAsserts":4,"retryReasons":[],"startAt":1778864819194,"status":"passed","title":"only one leader claims a key; second gets null"},{"ancestorTitles":["system execution state claim"],"duration":75,"failing":false,"failureDetails":[],"failureMessages":[],"fullName":"system execution state claim abortExecution marks FAILED and claim can reclaim for retry","invocations":1,"location":null,"numPassingAsserts":5,"retryReasons":[],"startAt":1778864819320,"status":"passed","title":"abortExecution marks FAILED and claim can reclaim for retry"},{"ancestorTitles":["system execution state claim"],"duration":34,"failing":false,"failureDetails":[],"failureMessages":[],"fullName":"system execution state claim treats legacy completed rows (executedAt, no status) as non-claimable","invocations":1,"location":null,"numPassingAsserts":1,"retryReasons":[],"startAt":1778864819396,"status":"passed","title":"treats legacy completed rows (executedAt, no status) as non-claimable"},{"ancestorTitles":["system execution state claim"],"duration":92,"failing":false,"failureDetails":[],"failureMessages":[],"fullName":"system execution state claim removes corrupted legacy rows (no status, no executedAt) and then claims","invocations":1,"location":null,"numPassingAsserts":1,"retryReasons":[],"startAt":1778864819430,"status":"passed","title":"removes corrupted legacy rows (no status, no executedAt) and then claims"},{"ancestorTitles":["system execution state claim"],"duration":34,"failing":false,"failureDetails":[],"failureMessages":[],"fullName":"system execution state claim emits SQUAREOFF_STUCK when RUNNING is older than warn threshold but not stale","invocations":1,"location":null,"numPassingAsserts":2,"retryReasons":[],"startAt":1778864819522,"status":"passed","title":"emits SQUAREOFF_STUCK when RUNNING is older than warn threshold but not stale"}],"endTime":1778864819568,"message":"","name":"D:\\Projects\\Stock Trading Platform\\backend\\tests\\integration\\systemExecutionState.claim.test.js","startTime":1778864818662,"status":"passed","summary":""},{"assertionResults":[{"ancestorTitles":["executeBuyTrade plan enforcement"],"duration":4,"failing":false,"failureDetails":[],"failureMessages":[],"fullName":"executeBuyTrade plan enforcement blocks BUY when pre-trade token is missing","invocations":1,"location":null,"numPassingAsserts":2,"retryReasons":[],"startAt":1778864820185,"status":"passed","title":"blocks BUY when pre-trade token is missing"},{"ancestorTitles":["executeBuyTrade plan enforcement"],"duration":2,"failing":false,"failureDetails":[],"failureMessages":[],"fullName":"executeBuyTrade plan enforcement blocks BUY when idempotency key exists but pre-trade token is missing","invocations":1,"location":null,"numPassingAsserts":2,"retryReasons":[],"startAt":1778864820190,"status":"passed","title":"blocks BUY when idempotency key exists but pre-trade token is missing"},{"ancestorTitles":["executeBuyTrade plan enforcement"],"duration":23,"failing":false,"failureDetails":[],"failureMessages":[],"fullName":"executeBuyTrade plan enforcement blocks BUY when reviewed payload is modified","invocations":1,"location":null,"numPassingAsserts":2,"retryReasons":[],"startAt":1778864820193,"status":"passed","title":"blocks BUY when reviewed payload is modified"},{"ancestorTitles":["executeBuyTrade plan enforcement"],"duration":17,"failing":false,"failureDetails":[],"failureMessages":[],"fullName":"executeBuyTrade plan enforcement blocks BUY when pre-trade verdict is WAIT/AVOID","invocations":1,"location":null,"numPassingAsserts":2,"retryReasons":[],"startAt":1778864820216,"status":"passed","title":"blocks BUY when pre-trade verdict is WAIT/AVOID"},{"ancestorTitles":["executeSellTrade execution enforcement"],"duration":5,"failing":false,"failureDetails":[],"failureMessages":[],"fullName":"executeSellTrade execution enforcement blocks SELL when pre-trade token is missing","invocations":1,"location":null,"numPassingAsserts":2,"retryReasons":[],"startAt":1778864820233,"status":"passed","title":"blocks SELL when pre-trade token is missing"},{"ancestorTitles":["executeSellTrade execution enforcement"],"duration":16,"failing":false,"failureDetails":[],"failureMessages":[],"fullName":"executeSellTrade execution enforcement blocks SELL when reviewed payload is modified","invocations":1,"location":null,"numPassingAsserts":2,"retryReasons":[],"startAt":1778864820239,"status":"passed","title":"blocks SELL when reviewed payload is modified"},{"ancestorTitles":["executeSellTrade execution enforcement"],"duration":16,"failing":false,"failureDetails":[],"failureMessages":[],"fullName":"executeSellTrade execution enforcement blocks token replay when token user does not match authenticated user","invocations":1,"location":null,"numPassingAsserts":1,"retryReasons":[],"startAt":1778864820256,"status":"passed","title":"blocks token replay when token user does not match authenticated user"}],"endTime":1778864820277,"message":"","name":"D:\\Projects\\Stock Trading Platform\\backend\\src\\services\\__tests__\\trade.service.executionValidation.test.js","startTime":1778864819587,"status":"passed","summary":""},{"assertionResults":[{"ancestorTitles":["processUserAnalyticsSnapshotOutboxJob"],"duration":9,"failing":false,"failureDetails":[],"failureMessages":[],"fullName":"processUserAnalyticsSnapshotOutboxJob marks COMPLETED when persist succeeds","invocations":1,"location":null,"numPassingAsserts":2,"retryReasons":[],"startAt":1778864820957,"status":"passed","title":"marks COMPLETED when persist succeeds"},{"ancestorTitles":["processUserAnalyticsSnapshotOutboxJob"],"duration":8,"failing":false,"failureDetails":[],"failureMessages":[],"fullName":"processUserAnalyticsSnapshotOutboxJob increments retryCount and returns to PENDING when under cap","invocations":1,"location":null,"numPassingAsserts":1,"retryReasons":[],"startAt":1778864820967,"status":"passed","title":"increments retryCount and returns to PENDING when under cap"},{"ancestorTitles":["processUserAnalyticsSnapshotOutboxJob"],"duration":9,"failing":false,"failureDetails":[],"failureMessages":[],"fullName":"processUserAnalyticsSnapshotOutboxJob marks FAILED when retryCount exceeds cap","invocations":1,"location":null,"numPassingAsserts":1,"retryReasons":[],"startAt":1778864820975,"status":"passed","title":"marks FAILED when retryCount exceeds cap"}],"endTime":1778864820985,"message":"","name":"D:\\Projects\\Stock Trading Platform\\backend\\tests\\unit\\outbox.analyticsSnapshot.job.test.js","startTime":1778864820296,"status":"passed","summary":""},{"assertionResults":[{"ancestorTitles":["outbox.worker reliability"],"duration":8,"failing":false,"failureDetails":[],"failureMessages":[],"fullName":"outbox.worker reliability marks job completed on success","invocations":1,"location":null,"numPassingAsserts":2,"retryReasons":[],"startAt":1778864821550,"status":"passed","title":"marks job completed on success"},{"ancestorTitles":["outbox.worker reliability"],"duration":5,"failing":false,"failureDetails":[],"failureMessages":[],"fullName":"outbox.worker reliability requeues failed jobs with retry metadata","invocations":1,"location":null,"numPassingAsserts":1,"retryReasons":[],"startAt":1778864821559,"status":"passed","title":"requeues failed jobs with retry metadata"},{"ancestorTitles":["outbox.worker reliability"],"duration":5,"failing":false,"failureDetails":[],"failureMessages":[],"fullName":"outbox.worker reliability marks jobs FAILED after max attempts","invocations":1,"location":null,"numPassingAsserts":2,"retryReasons":[],"startAt":1778864821564,"status":"passed","title":"marks jobs FAILED after max attempts"},{"ancestorTitles":["outbox.worker reliability"],"duration":4,"failing":false,"failureDetails":[],"failureMessages":[],"fullName":"outbox.worker reliability recovers stuck PROCESSING jobs back to PENDING","invocations":1,"location":null,"numPassingAsserts":1,"retryReasons":[],"startAt":1778864821570,"status":"passed","title":"recovers stuck PROCESSING jobs back to PENDING"}],"endTime":1778864821576,"message":"","name":"D:\\Projects\\Stock Trading Platform\\backend\\src\\workers\\__tests__\\outbox.worker.test.js","startTime":1778864821012,"status":"passed","summary":""},{"assertionResults":[{"ancestorTitles":["Reflection Stress Integrity Test"],"duration":31,"failing":false,"failureDetails":[],"failureMessages":[],"fullName":"Reflection Stress Integrity Test Should handle 20 rapid BUY/SELL trades with partial exits accurately","invocations":1,"location":null,"numPassingAsserts":0,"retryReasons":[],"startAt":1778864822039,"status":"passed","title":"Should handle 20 rapid BUY/SELL trades with partial exits accurately"},{"ancestorTitles":["Reflection Stress Integrity Test"],"duration":66,"failing":false,"failureDetails":[],"failureMessages":[],"fullName":"Reflection Stress Integrity Test skips orphan SELL rows (no prior BUY in slice) without throwing","invocations":1,"location":null,"numPassingAsserts":0,"retryReasons":[],"startAt":1778864822070,"status":"passed","title":"skips orphan SELL rows (no prior BUY in slice) without throwing"}],"endTime":1778864822138,"message":"","name":"D:\\Projects\\Stock Trading Platform\\backend\\tests\\concurrency\\reflection.stress.test.js","startTime":1778864821604,"status":"passed","summary":""},{"assertionResults":[{"ancestorTitles":["validateTradePayload strict canonical enforcement"],"duration":13,"failing":false,"failureDetails":[],"failureMessages":[],"fullName":"validateTradePayload strict canonical enforcement fails when unknown field is present","invocations":1,"location":null,"numPassingAsserts":3,"retryReasons":[],"startAt":1778864822464,"status":"passed","title":"fails when unknown field is present"},{"ancestorTitles":["validateTradePayload strict canonical enforcement"],"duration":5,"failing":false,"failureDetails":[],"failureMessages":[],"fullName":"validateTradePayload strict canonical enforcement fails when required canonical field is missing (targetPricePaise)","invocations":1,"location":null,"numPassingAsserts":3,"retryReasons":[],"startAt":1778864822477,"status":"passed","title":"fails when required canonical field is missing (targetPricePaise)"},{"ancestorTitles":["validateTradePayload strict canonical enforcement"],"duration":3,"failing":false,"failureDetails":[],"failureMessages":[],"fullName":"validateTradePayload strict canonical enforcement fails when symbol is missing on BUY","invocations":1,"location":null,"numPassingAsserts":3,"retryReasons":[],"startAt":1778864822483,"status":"passed","title":"fails when symbol is missing on BUY"},{"ancestorTitles":["validateTradePayload strict canonical enforcement"],"duration":3,"failing":false,"failureDetails":[],"failureMessages":[],"fullName":"validateTradePayload strict canonical enforcement fails when preTradeToken is missing on BUY","invocations":1,"location":null,"numPassingAsserts":3,"retryReasons":[],"startAt":1778864822486,"status":"passed","title":"fails when preTradeToken is missing on BUY"},{"ancestorTitles":["validateTradePayload strict canonical enforcement"],"duration":3,"failing":false,"failureDetails":[],"failureMessages":[],"fullName":"validateTradePayload strict canonical enforcement fails when preTradeToken is missing on SELL","invocations":1,"location":null,"numPassingAsserts":3,"retryReasons":[],"startAt":1778864822489,"status":"passed","title":"fails when preTradeToken is missing on SELL"},{"ancestorTitles":["validateTradePayload strict canonical enforcement"],"duration":2,"failing":false,"failureDetails":[],"failureMessages":[],"fullName":"validateTradePayload strict canonical enforcement fails for mixed schema payload (canonical + legacy)","invocations":1,"location":null,"numPassingAsserts":3,"retryReasons":[],"startAt":1778864822493,"status":"passed","title":"fails for mixed schema payload (canonical + legacy)"},{"ancestorTitles":["validateTradePayload strict canonical enforcement"],"duration":2,"failing":false,"failureDetails":[],"failureMessages":[],"fullName":"validateTradePayload strict canonical enforcement passes for valid canonical BUY payload","invocations":1,"location":null,"numPassingAsserts":4,"retryReasons":[],"startAt":1778864822496,"status":"passed","title":"passes for valid canonical BUY payload"},{"ancestorTitles":["validateTradePayload strict canonical enforcement"],"duration":3,"failing":false,"failureDetails":[],"failureMessages":[],"fullName":"validateTradePayload strict canonical enforcement passes SELL payload without stopLossPaise and targetPricePaise","invocations":1,"location":null,"numPassingAsserts":4,"retryReasons":[],"startAt":1778864822498,"status":"passed","title":"passes SELL payload without stopLossPaise and targetPricePaise"},{"ancestorTitles":["validateTradePayload strict canonical enforcement"],"duration":3,"failing":false,"failureDetails":[],"failureMessages":[],"fullName":"validateTradePayload strict canonical enforcement fails BUY when preTradeEmotion is invalid","invocations":1,"location":null,"numPassingAsserts":3,"retryReasons":[],"startAt":1778864822502,"status":"passed","title":"fails BUY when preTradeEmotion is invalid"},{"ancestorTitles":["validateTradePayload strict canonical enforcement"],"duration":2,"failing":false,"failureDetails":[],"failureMessages":[],"fullName":"validateTradePayload strict canonical enforcement copies pre-trade token from header into body when missing","invocations":1,"location":null,"numPassingAsserts":2,"retryReasons":[],"startAt":1778864822506,"status":"passed","title":"copies pre-trade token from header into body when missing"},{"ancestorTitles":["validateTradePayload strict canonical enforcement"],"duration":3,"failing":false,"failureDetails":[],"failureMessages":[],"fullName":"validateTradePayload strict canonical enforcement rejects SELL payload submitted to /buy route","invocations":1,"location":null,"numPassingAsserts":3,"retryReasons":[],"startAt":1778864822508,"status":"passed","title":"rejects SELL payload submitted to /buy route"},{"ancestorTitles":["validateTradePayload strict canonical enforcement"],"duration":5,"failing":false,"failureDetails":[],"failureMessages":[],"fullName":"validateTradePayload strict canonical enforcement rejects BUY payload submitted to /sell route","invocations":1,"location":null,"numPassingAsserts":2,"retryReasons":[],"startAt":1778864822517,"status":"passed","title":"rejects BUY payload submitted to /sell route"},{"ancestorTitles":["validatePreTradePayload"],"duration":4,"failing":false,"failureDetails":[],"failureMessages":[],"fullName":"validatePreTradePayload returns validation issues for invalid pre-trade BUY","invocations":1,"location":null,"numPassingAsserts":3,"retryReasons":[],"startAt":1778864822523,"status":"passed","title":"returns validation issues for invalid pre-trade BUY"},{"ancestorTitles":["validatePreTradePayload"],"duration":3,"failing":false,"failureDetails":[],"failureMessages":[],"fullName":"validatePreTradePayload sets body.type from side on success","invocations":1,"location":null,"numPassingAsserts":2,"retryReasons":[],"startAt":1778864822528,"status":"passed","title":"sets body.type from side on success"}],"endTime":1778864822534,"message":"","name":"D:\\Projects\\Stock Trading Platform\\backend\\src\\middlewares\\__tests__\\validateTradePayload.test.js","startTime":1778864822177,"status":"passed","summary":""},{"assertionResults":[{"ancestorTitles":["truth enforcement"],"duration":4,"failing":false,"failureDetails":[],"failureMessages":[],"fullName":"truth enforcement returns UNAVAILABLE when market data is missing","invocations":1,"location":null,"numPassingAsserts":2,"retryReasons":[],"startAt":1778864822894,"status":"passed","title":"returns UNAVAILABLE when market data is missing"},{"ancestorTitles":["truth enforcement"],"duration":3,"failing":false,"failureDetails":[],"failureMessages":[],"fullName":"truth enforcement returns UNAVAILABLE when AI is unavailable","invocations":1,"location":null,"numPassingAsserts":2,"retryReasons":[],"startAt":1778864822899,"status":"passed","title":"returns UNAVAILABLE when AI is unavailable"},{"ancestorTitles":["truth enforcement"],"duration":3,"failing":false,"failureDetails":[],"failureMessages":[],"fullName":"truth enforcement discounts missing market data without blocking when behavior profile is valid","invocations":1,"location":null,"numPassingAsserts":2,"retryReasons":[],"startAt":1778864822903,"status":"passed","title":"discounts missing market data without blocking when behavior profile is valid"},{"ancestorTitles":["truth enforcement"],"duration":6,"failing":false,"failureDetails":[],"failureMessages":[],"fullName":"truth enforcement contains no fake default confidence or score constants in intelligence paths","invocations":1,"location":null,"numPassingAsserts":2,"retryReasons":[],"startAt":1778864822906,"status":"passed","title":"contains no fake default confidence or score constants in intelligence paths"}],"endTime":1778864822914,"message":"","name":"D:\\Projects\\Stock Trading Platform\\backend\\tests\\integration\\truth.enforcement.test.js","startTime":1778864822559,"status":"passed","summary":""},{"assertionResults":[{"ancestorTitles":["entry.engine branch coverage"],"duration":61,"failing":false,"failureDetails":[],"failureMessages":[],"fullName":"entry.engine branch coverage throws on invalid input","invocations":1,"location":null,"numPassingAsserts":1,"retryReasons":[],"startAt":1778864823136,"status":"passed","title":"throws on invalid input"},{"ancestorTitles":["entry.engine branch coverage"],"duration":4,"failing":false,"failureDetails":[],"failureMessages":[],"fullName":"entry.engine branch coverage returns BLOCK when behavior data is unavailable","invocations":1,"location":null,"numPassingAsserts":2,"retryReasons":[],"startAt":1778864823198,"status":"passed","title":"returns BLOCK when behavior data is unavailable"},{"ancestorTitles":["entry.engine branch coverage"],"duration":3,"failing":false,"failureDetails":[],"failureMessages":[],"fullName":"entry.engine branch coverage returns BLOCK for invalid plan","invocations":1,"location":null,"numPassingAsserts":2,"retryReasons":[],"startAt":1778864823202,"status":"passed","title":"returns BLOCK for invalid plan"},{"ancestorTitles":["entry.engine branch coverage"],"duration":2,"failing":false,"failureDetails":[],"failureMessages":[],"fullName":"entry.engine branch coverage includes risk flags when revenge and overtrading are present","invocations":1,"location":null,"numPassingAsserts":3,"retryReasons":[],"startAt":1778864823205,"status":"passed","title":"includes risk flags when revenge and overtrading are present"},{"ancestorTitles":["entry.engine branch coverage"],"duration":2,"failing":false,"failureDetails":[],"failureMessages":[],"fullName":"entry.engine branch coverage throws dependency confusion when forceBlock conflicts with ALLOW","invocations":1,"location":null,"numPassingAsserts":1,"retryReasons":[],"startAt":1778864823208,"status":"passed","title":"throws dependency confusion when forceBlock conflicts with ALLOW"},{"ancestorTitles":["entry.engine branch coverage"],"duration":2,"failing":false,"failureDetails":[],"failureMessages":[],"fullName":"entry.engine branch coverage throws on unsupported decision verdict mapping","invocations":1,"location":null,"numPassingAsserts":1,"retryReasons":[],"startAt":1778864823210,"status":"passed","title":"throws on unsupported decision verdict mapping"},{"ancestorTitles":["entry.engine branch coverage"],"duration":5,"failing":false,"failureDetails":[],"failureMessages":[],"fullName":"entry.engine branch coverage uses setup score 70 for non-BUY side when scores are implicit","invocations":1,"location":null,"numPassingAsserts":1,"retryReasons":[],"startAt":1778864823213,"status":"passed","title":"uses setup score 70 for non-BUY side when scores are implicit"},{"ancestorTitles":["entry.engine branch coverage"],"duration":4,"failing":false,"failureDetails":[],"failureMessages":[],"fullName":"entry.engine branch coverage applies no-market-data penalty when market context is unavailable","invocations":1,"location":null,"numPassingAsserts":2,"retryReasons":[],"startAt":1778864823218,"status":"passed","title":"applies no-market-data penalty when market context is unavailable"},{"ancestorTitles":["entry.engine branch coverage"],"duration":3,"failing":false,"failureDetails":[],"failureMessages":[],"fullName":"entry.engine branch coverage uses conflicted market score when consensus is AVOID","invocations":1,"location":null,"numPassingAsserts":2,"retryReasons":[],"startAt":1778864823222,"status":"passed","title":"uses conflicted market score when consensus is AVOID"},{"ancestorTitles":["entry.engine branch coverage"],"duration":6,"failing":false,"failureDetails":[],"failureMessages":[],"fullName":"entry.engine branch coverage uses aligned market score when data is available and not AVOID","invocations":1,"location":null,"numPassingAsserts":1,"retryReasons":[],"startAt":1778864823226,"status":"passed","title":"uses aligned market score when data is available and not AVOID"},{"ancestorTitles":["entry.engine branch coverage"],"duration":3,"failing":false,"failureDetails":[],"failureMessages":[],"fullName":"entry.engine branch coverage uses discipline score from behavior profile when present","invocations":1,"location":null,"numPassingAsserts":3,"retryReasons":[],"startAt":1778864823233,"status":"passed","title":"uses discipline score from behavior profile when present"},{"ancestorTitles":["entry.engine branch coverage"],"duration":2,"failing":false,"failureDetails":[],"failureMessages":[],"fullName":"entry.engine branch coverage scores behavior 70 when history is insufficient (1 trade)","invocations":1,"location":null,"numPassingAsserts":2,"retryReasons":[],"startAt":1778864823237,"status":"passed","title":"scores behavior 70 when history is insufficient (1 trade)"},{"ancestorTitles":["entry.engine branch coverage"],"duration":4,"failing":false,"failureDetails":[],"failureMessages":[],"fullName":"entry.engine branch coverage applies FOMO_ENTRY and PANIC_EXIT and CHASING_PRICE flag penalties","invocations":1,"location":null,"numPassingAsserts":2,"retryReasons":[],"startAt":1778864823239,"status":"passed","title":"applies FOMO_ENTRY and PANIC_EXIT and CHASING_PRICE flag penalties"},{"ancestorTitles":["entry.engine branch coverage"],"duration":20,"failing":false,"failureDetails":[],"failureMessages":[],"fullName":"entry.engine branch coverage applies intraday FOMO window penalty using IST entry time","invocations":1,"location":null,"numPassingAsserts":2,"retryReasons":[],"startAt":1778864823243,"status":"passed","title":"applies intraday FOMO window penalty using IST entry time"},{"ancestorTitles":["entry.engine branch coverage"],"duration":5,"failing":false,"failureDetails":[],"failureMessages":[],"fullName":"entry.engine branch coverage pushes LOW_RR_PENALTY when implicit setup uses sub-threshold RR vs INTEL_LOW_RR_THRESHOLD","invocations":1,"location":null,"numPassingAsserts":2,"retryReasons":[],"startAt":1778864823263,"status":"passed","title":"pushes LOW_RR_PENALTY when implicit setup uses sub-threshold RR vs INTEL_LOW_RR_THRESHOLD"}],"endTime":1778864823271,"message":"","name":"D:\\Projects\\Stock Trading Platform\\backend\\tests\\unit\\entry.engine.branches.test.js","startTime":1778864822939,"status":"passed","summary":""},{"assertionResults":[{"ancestorTitles":["live.provider Finnhub fallback"],"duration":8,"failing":false,"failureDetails":[],"failureMessages":[],"fullName":"live.provider Finnhub fallback requests NSE:SYMBOL and maps close price to INR paise","invocations":1,"location":null,"numPassingAsserts":4,"retryReasons":[],"startAt":1778864823504,"status":"passed","title":"requests NSE:SYMBOL and maps close price to INR paise"}],"endTime":1778864823513,"message":"","name":"D:\\Projects\\Stock Trading Platform\\backend\\tests\\unit\\live.provider.finnhub.test.js","startTime":1778864823293,"status":"passed","summary":""},{"assertionResults":[{"ancestorTitles":["analytics.worker handleTradeClosed"],"duration":5,"failing":false,"failureDetails":[],"failureMessages":[],"fullName":"analytics.worker handleTradeClosed calls persistUserAnalyticsSnapshot with userId from payload","invocations":1,"location":null,"numPassingAsserts":1,"retryReasons":[],"startAt":1778864823756,"status":"passed","title":"calls persistUserAnalyticsSnapshot with userId from payload"},{"ancestorTitles":["analytics.worker handleTradeClosed"],"duration":18,"failing":false,"failureDetails":[],"failureMessages":[],"fullName":"analytics.worker handleTradeClosed no-ops when userId missing","invocations":1,"location":null,"numPassingAsserts":1,"retryReasons":[],"startAt":1778864823762,"status":"passed","title":"no-ops when userId missing"},{"ancestorTitles":["analytics.worker handleTradeClosed"],"duration":12,"failing":false,"failureDetails":[],"failureMessages":[],"fullName":"analytics.worker handleTradeClosed swallows errors from persist (does not throw)","invocations":1,"location":null,"numPassingAsserts":1,"retryReasons":[],"startAt":1778864823780,"status":"passed","title":"swallows errors from persist (does not throw)"}],"endTime":1778864823794,"message":"","name":"D:\\Projects\\Stock Trading Platform\\backend\\tests\\unit\\analytics.worker.test.js","startTime":1778864823556,"status":"passed","summary":""},{"assertionResults":[{"ancestorTitles":["analytics.service"],"duration":7,"failing":false,"failureDetails":[],"failureMessages":[],"fullName":"analytics.service computeUserAnalytics returns snapshot without touching User","invocations":1,"location":null,"numPassingAsserts":3,"retryReasons":[],"startAt":1778864823965,"status":"passed","title":"computeUserAnalytics returns snapshot without touching User"},{"ancestorTitles":["analytics.service"],"duration":4,"failing":false,"failureDetails":[],"failureMessages":[],"fullName":"analytics.service persistUserAnalyticsSnapshot skips when user missing","invocations":1,"location":null,"numPassingAsserts":1,"retryReasons":[],"startAt":1778864823973,"status":"passed","title":"persistUserAnalyticsSnapshot skips when user missing"},{"ancestorTitles":["analytics.service"],"duration":4,"failing":false,"failureDetails":[],"failureMessages":[],"fullName":"analytics.service persistUserAnalyticsSnapshot writes analyticsSnapshot and analyticsLastUpdatedAt","invocations":1,"location":null,"numPassingAsserts":1,"retryReasons":[],"startAt":1778864823977,"status":"passed","title":"persistUserAnalyticsSnapshot writes analyticsSnapshot and analyticsLastUpdatedAt"}],"endTime":1778864823984,"message":"","name":"D:\\Projects\\Stock Trading Platform\\backend\\tests\\unit\\analytics.service.test.js","startTime":1778864823815,"status":"passed","summary":""},{"assertionResults":[{"ancestorTitles":["isMarketOpen — calendar authority"],"duration":8,"failing":false,"failureDetails":[],"failureMessages":[],"fullName":"isMarketOpen — calendar authority returns true on a normal weekday within trading hours","invocations":1,"location":null,"numPassingAsserts":1,"retryReasons":[],"startAt":1778864824129,"status":"passed","title":"returns true on a normal weekday within trading hours"},{"ancestorTitles":["isMarketOpen — calendar authority"],"duration":5,"failing":false,"failureDetails":[],"failureMessages":[],"fullName":"isMarketOpen — calendar authority returns false before market open even on a trading day","invocations":1,"location":null,"numPassingAsserts":1,"retryReasons":[],"startAt":1778864824138,"status":"passed","title":"returns false before market open even on a trading day"},{"ancestorTitles":["isMarketOpen — calendar authority"],"duration":4,"failing":false,"failureDetails":[],"failureMessages":[],"fullName":"isMarketOpen — calendar authority returns false on a known exchange holiday (isOpen=false)","invocations":1,"location":null,"numPassingAsserts":1,"retryReasons":[],"startAt":1778864824143,"status":"passed","title":"returns false on a known exchange holiday (isOpen=false)"},{"ancestorTitles":["isMarketOpen — calendar authority"],"duration":5,"failing":false,"failureDetails":[],"failureMessages":[],"fullName":"isMarketOpen — calendar authority returns false after early close on a half-day","invocations":1,"location":null,"numPassingAsserts":2,"retryReasons":[],"startAt":1778864824148,"status":"passed","title":"returns false after early close on a half-day"},{"ancestorTitles":["isMarketOpen — calendar authority"],"duration":5,"failing":false,"failureDetails":[],"failureMessages":[],"fullName":"isMarketOpen — calendar authority returns false (fail-safe) when no calendar entry exists for today","invocations":1,"location":null,"numPassingAsserts":1,"retryReasons":[],"startAt":1778864824153,"status":"passed","title":"returns false (fail-safe) when no calendar entry exists for today"},{"ancestorTitles":["isMarketOpen — calendar authority"],"duration":4,"failing":false,"failureDetails":[],"failureMessages":[],"fullName":"isMarketOpen — calendar authority returns false when cache is stale (different date)","invocations":1,"location":null,"numPassingAsserts":1,"retryReasons":[],"startAt":1778864824159,"status":"passed","title":"returns false when cache is stale (different date)"},{"ancestorTitles":["isSquareoffWindowEligible — calendar holiday veto"],"duration":5,"failing":false,"failureDetails":[],"failureMessages":[],"fullName":"isSquareoffWindowEligible — calendar holiday veto returns false on a holiday even when squareoff time has passed","invocations":1,"location":null,"numPassingAsserts":1,"retryReasons":[],"startAt":1778864824163,"status":"passed","title":"returns false on a holiday even when squareoff time has passed"}],"endTime":1778864824170,"message":"","name":"D:\\Projects\\Stock Trading Platform\\backend\\tests\\unit\\marketHours.calendar.test.js","startTime":1778864824025,"status":"passed","summary":""},{"assertionResults":[{"ancestorTitles":["auth.middleware"],"duration":4,"failing":false,"failureDetails":[],"failureMessages":[],"fullName":"auth.middleware rejects missing token","invocations":1,"location":null,"numPassingAsserts":1,"retryReasons":[],"startAt":1778864824326,"status":"passed","title":"rejects missing token"},{"ancestorTitles":["auth.middleware"],"duration":3,"failing":false,"failureDetails":[],"failureMessages":[],"fullName":"auth.middleware rejects invalid token type","invocations":1,"location":null,"numPassingAsserts":1,"retryReasons":[],"startAt":1778864824330,"status":"passed","title":"rejects invalid token type"},{"ancestorTitles":["auth.middleware"],"duration":2,"failing":false,"failureDetails":[],"failureMessages":[],"fullName":"auth.middleware rejects when user not found","invocations":1,"location":null,"numPassingAsserts":1,"retryReasons":[],"startAt":1778864824334,"status":"passed","title":"rejects when user not found"},{"ancestorTitles":["auth.middleware"],"duration":3,"failing":false,"failureDetails":[],"failureMessages":[],"fullName":"auth.middleware calls next without error when token and user are valid","invocations":1,"location":null,"numPassingAsserts":2,"retryReasons":[],"startAt":1778864824337,"status":"passed","title":"calls next without error when token and user are valid"},{"ancestorTitles":["auth.middleware"],"duration":3,"failing":false,"failureDetails":[],"failureMessages":[],"fullName":"auth.middleware rejects when jwt verification throws","invocations":1,"location":null,"numPassingAsserts":1,"retryReasons":[],"startAt":1778864824340,"status":"passed","title":"rejects when jwt verification throws"},{"ancestorTitles":["auth.middleware"],"duration":3,"failing":false,"failureDetails":[],"failureMessages":[],"fullName":"auth.middleware returns early from cache when Redis has a valid user snapshot","invocations":1,"location":null,"numPassingAsserts":3,"retryReasons":[],"startAt":1778864824343,"status":"passed","title":"returns early from cache when Redis has a valid user snapshot"},{"ancestorTitles":["auth.middleware"],"duration":3,"failing":false,"failureDetails":[],"failureMessages":[],"fullName":"auth.middleware warms cache after DB fetch","invocations":1,"location":null,"numPassingAsserts":2,"retryReasons":[],"startAt":1778864824346,"status":"passed","title":"warms cache after DB fetch"},{"ancestorTitles":["auth.middleware"],"duration":6,"failing":false,"failureDetails":[],"failureMessages":[],"fullName":"auth.middleware cacheUser swallows Redis set errors","invocations":1,"location":null,"numPassingAsserts":1,"retryReasons":[],"startAt":1778864824349,"status":"passed","title":"cacheUser swallows Redis set errors"},{"ancestorTitles":["auth.middleware"],"duration":5,"failing":false,"failureDetails":[],"failureMessages":[],"fullName":"auth.middleware getCachedUser returns null on parse errors","invocations":1,"location":null,"numPassingAsserts":2,"retryReasons":[],"startAt":1778864824356,"status":"passed","title":"getCachedUser returns null on parse errors"},{"ancestorTitles":["auth.middleware"],"duration":3,"failing":false,"failureDetails":[],"failureMessages":[],"fullName":"auth.middleware invalidateUserCache deletes key when Redis is ready","invocations":1,"location":null,"numPassingAsserts":1,"retryReasons":[],"startAt":1778864824361,"status":"passed","title":"invalidateUserCache deletes key when Redis is ready"},{"ancestorTitles":["auth.middleware"],"duration":3,"failing":false,"failureDetails":[],"failureMessages":[],"fullName":"auth.middleware invalidateUserCache swallows del errors","invocations":1,"location":null,"numPassingAsserts":1,"retryReasons":[],"startAt":1778864824364,"status":"passed","title":"invalidateUserCache swallows del errors"}],"endTime":1778864824368,"message":"","name":"D:\\Projects\\Stock Trading Platform\\backend\\src\\middlewares\\__tests__\\auth.middleware.test.js","startTime":1778864824205,"status":"passed","summary":""},{"assertionResults":[{"ancestorTitles":["reflection.engine branch coverage"],"duration":89,"failing":false,"failureDetails":[],"failureMessages":[],"fullName":"reflection.engine branch coverage throws on invalid input","invocations":1,"location":null,"numPassingAsserts":1,"retryReasons":[],"startAt":1778864824511,"status":"passed","title":"throws on invalid input"},{"ancestorTitles":["reflection.engine branch coverage"],"duration":3,"failing":false,"failureDetails":[],"failureMessages":[],"fullName":"reflection.engine branch coverage returns DISCIPLINED_PROFIT on target hit","invocations":1,"location":null,"numPassingAsserts":2,"retryReasons":[],"startAt":1778864824601,"status":"passed","title":"returns DISCIPLINED_PROFIT on target hit"},{"ancestorTitles":["reflection.engine branch coverage"],"duration":7,"failing":false,"failureDetails":[],"failureMessages":[],"fullName":"reflection.engine branch coverage returns DISCIPLINED_LOSS on stop loss hit","invocations":1,"location":null,"numPassingAsserts":2,"retryReasons":[],"startAt":1778864824605,"status":"passed","title":"returns DISCIPLINED_LOSS on stop loss hit"},{"ancestorTitles":["reflection.engine branch coverage"],"duration":2,"failing":false,"failureDetails":[],"failureMessages":[],"fullName":"reflection.engine branch coverage returns POOR_PROCESS on early profit take","invocations":1,"location":null,"numPassingAsserts":2,"retryReasons":[],"startAt":1778864824612,"status":"passed","title":"returns POOR_PROCESS on early profit take"},{"ancestorTitles":["reflection.engine branch coverage"],"duration":2,"failing":false,"failureDetails":[],"failureMessages":[],"fullName":"reflection.engine branch coverage returns DISCIPLINED_LOSS on early cut","invocations":1,"location":null,"numPassingAsserts":2,"retryReasons":[],"startAt":1778864824614,"status":"passed","title":"returns DISCIPLINED_LOSS on early cut"},{"ancestorTitles":["reflection.engine branch coverage"],"duration":3,"failing":false,"failureDetails":[],"failureMessages":[],"fullName":"reflection.engine branch coverage returns LUCKY_PROFIT on overhold","invocations":1,"location":null,"numPassingAsserts":2,"retryReasons":[],"startAt":1778864824617,"status":"passed","title":"returns LUCKY_PROFIT on overhold"},{"ancestorTitles":["reflection.engine branch coverage"],"duration":2,"failing":false,"failureDetails":[],"failureMessages":[],"fullName":"reflection.engine branch coverage maps deep loss under stop loss to DISCIPLINED_LOSS in current exit ordering","invocations":1,"location":null,"numPassingAsserts":2,"retryReasons":[],"startAt":1778864824620,"status":"passed","title":"maps deep loss under stop loss to DISCIPLINED_LOSS in current exit ordering"},{"ancestorTitles":["reflection.engine branch coverage"],"duration":2,"failing":false,"failureDetails":[],"failureMessages":[],"fullName":"reflection.engine branch coverage classifies PANIC exits as poor process","invocations":1,"location":null,"numPassingAsserts":3,"retryReasons":[],"startAt":1778864824622,"status":"passed","title":"classifies PANIC exits as poor process"}],"endTime":1778864824626,"message":"","name":"D:\\Projects\\Stock Trading Platform\\backend\\tests\\unit\\reflection.engine.branches.test.js","startTime":1778864824402,"status":"passed","summary":""},{"assertionResults":[{"ancestorTitles":["exit.engine branch coverage"],"duration":56,"failing":false,"failureDetails":[],"failureMessages":[],"fullName":"exit.engine branch coverage throws on non-object input","invocations":1,"location":null,"numPassingAsserts":1,"retryReasons":[],"startAt":1778864824740,"status":"passed","title":"throws on non-object input"},{"ancestorTitles":["exit.engine branch coverage"],"duration":4,"failing":false,"failureDetails":[],"failureMessages":[],"fullName":"exit.engine branch coverage throws when entry or exit price is missing","invocations":1,"location":null,"numPassingAsserts":1,"retryReasons":[],"startAt":1778864824796,"status":"passed","title":"throws when entry or exit price is missing"},{"ancestorTitles":["exit.engine branch coverage"],"duration":3,"failing":false,"failureDetails":[],"failureMessages":[],"fullName":"exit.engine branch coverage treats exit below stop loss as STOP_LOSS_HIT","invocations":1,"location":null,"numPassingAsserts":2,"retryReasons":[],"startAt":1778864824801,"status":"passed","title":"treats exit below stop loss as STOP_LOSS_HIT"},{"ancestorTitles":["exit.engine branch coverage"],"duration":4,"failing":false,"failureDetails":[],"failureMessages":[],"fullName":"exit.engine branch coverage classifies PANIC when exit is soon after entry and price is above stop","invocations":1,"location":null,"numPassingAsserts":5,"retryReasons":[],"startAt":1778864824804,"status":"passed","title":"classifies PANIC when exit is soon after entry and price is above stop"},{"ancestorTitles":["exit.engine branch coverage"],"duration":3,"failing":false,"failureDetails":[],"failureMessages":[],"fullName":"exit.engine branch coverage PANIC without stop uses neutral deviation score","invocations":1,"location":null,"numPassingAsserts":4,"retryReasons":[],"startAt":1778864824808,"status":"passed","title":"PANIC without stop uses neutral deviation score"},{"ancestorTitles":["exit.engine branch coverage"],"duration":2,"failing":false,"failureDetails":[],"failureMessages":[],"fullName":"exit.engine branch coverage PANIC on loss path records EARLY_CUT","invocations":1,"location":null,"numPassingAsserts":2,"retryReasons":[],"startAt":1778864824811,"status":"passed","title":"PANIC on loss path records EARLY_CUT"}],"endTime":1778864824814,"message":"","name":"D:\\Projects\\Stock Trading Platform\\backend\\tests\\unit\\exit.engine.branches.test.js","startTime":1778864824651,"status":"passed","summary":""},{"assertionResults":[{"ancestorTitles":["behavior.engine extended patterns"],"duration":7,"failing":false,"failureDetails":[],"failureMessages":[],"fullName":"behavior.engine extended patterns flags FOMO_ENTRY for intraday entry in last window before cash close (IST)","invocations":1,"location":null,"numPassingAsserts":1,"retryReasons":[],"startAt":1778864824957,"status":"passed","title":"flags FOMO_ENTRY for intraday entry in last window before cash close (IST)"},{"ancestorTitles":["behavior.engine extended patterns"],"duration":9,"failing":false,"failureDetails":[],"failureMessages":[],"fullName":"behavior.engine extended patterns does not flag FOMO_ENTRY at 14:00 IST intraday","invocations":1,"location":null,"numPassingAsserts":1,"retryReasons":[],"startAt":1778864824965,"status":"passed","title":"does not flag FOMO_ENTRY at 14:00 IST intraday"},{"ancestorTitles":["behavior.engine extended patterns"],"duration":5,"failing":false,"failureDetails":[],"failureMessages":[],"fullName":"behavior.engine extended patterns flags CHASING_PRICE when entry is ≥2% above terminal open","invocations":1,"location":null,"numPassingAsserts":1,"retryReasons":[],"startAt":1778864824975,"status":"passed","title":"flags CHASING_PRICE when entry is ≥2% above terminal open"},{"ancestorTitles":["behavior.engine extended patterns"],"duration":6,"failing":false,"failureDetails":[],"failureMessages":[],"fullName":"behavior.engine extended patterns does not flag CHASING_PRICE at 0.4% above open","invocations":1,"location":null,"numPassingAsserts":1,"retryReasons":[],"startAt":1778864824980,"status":"passed","title":"does not flag CHASING_PRICE at 0.4% above open"},{"ancestorTitles":["behavior.engine extended patterns"],"duration":5,"failing":false,"failureDetails":[],"failureMessages":[],"fullName":"behavior.engine extended patterns exponential revenge: wider gap still counts with longer post-loss streak","invocations":1,"location":null,"numPassingAsserts":1,"retryReasons":[],"startAt":1778864824987,"status":"passed","title":"exponential revenge: wider gap still counts with longer post-loss streak"},{"ancestorTitles":["behavior.engine extended patterns"],"duration":8,"failing":false,"failureDetails":[],"failureMessages":[],"fullName":"behavior.engine extended patterns flags OVERTRADING_DAILY when one IST day exceeds daily cap","invocations":1,"location":null,"numPassingAsserts":1,"retryReasons":[],"startAt":1778864824992,"status":"passed","title":"flags OVERTRADING_DAILY when one IST day exceeds daily cap"}],"endTime":1778864825002,"message":"","name":"D:\\Projects\\Stock Trading Platform\\backend\\tests\\unit\\behavior.engine.patterns.test.js","startTime":1778864824846,"status":"passed","summary":""},{"assertionResults":[{"ancestorTitles":["decision.engine state modeling"],"duration":5,"failing":false,"failureDetails":[],"failureMessages":[],"fullName":"decision.engine state modeling returns PARTIAL when required inputs are missing","invocations":1,"location":null,"numPassingAsserts":1,"retryReasons":[],"startAt":1778864825334,"status":"passed","title":"returns PARTIAL when required inputs are missing"},{"ancestorTitles":["decision.engine state modeling"],"duration":4,"failing":false,"failureDetails":[],"failureMessages":[],"fullName":"decision.engine state modeling returns COMPLETE when full inputs are present and AI status is VALID","invocations":1,"location":null,"numPassingAsserts":3,"retryReasons":[],"startAt":1778864825340,"status":"passed","title":"returns COMPLETE when full inputs are present and AI status is VALID"}],"endTime":1778864825346,"message":"","name":"D:\\Projects\\Stock Trading Platform\\backend\\tests\\unit\\decision.state.engine.test.js","startTime":1778864825019,"status":"passed","summary":""},{"assertionResults":[{"ancestorTitles":["queue fallback reliability"],"duration":7,"failing":false,"failureDetails":[],"failureMessages":[],"fullName":"queue fallback reliability processes TRADE_CLOSED synchronously when redis unavailable","invocations":1,"location":null,"numPassingAsserts":2,"retryReasons":[],"startAt":1778864825563,"status":"passed","title":"processes TRADE_CLOSED synchronously when redis unavailable"},{"ancestorTitles":["queue fallback reliability"],"duration":5,"failing":false,"failureDetails":[],"failureMessages":[],"fullName":"queue fallback reliability routes future jobs through registered handlers","invocations":1,"location":null,"numPassingAsserts":2,"retryReasons":[],"startAt":1778864825571,"status":"passed","title":"routes future jobs through registered handlers"},{"ancestorTitles":["queue fallback reliability"],"duration":16,"failing":false,"failureDetails":[],"failureMessages":[],"fullName":"queue fallback reliability throws for unsupported jobs with no handlers","invocations":1,"location":null,"numPassingAsserts":1,"retryReasons":[],"startAt":1778864825577,"status":"passed","title":"throws for unsupported jobs with no handlers"}],"endTime":1778864825595,"message":"","name":"D:\\Projects\\Stock Trading Platform\\backend\\src\\queue\\__tests__\\queue.fallback.test.js","startTime":1778864825366,"status":"passed","summary":""},{"assertionResults":[{"ancestorTitles":["intelligence cross-layer consistency (Phase 3)"],"duration":7,"failing":false,"failureDetails":[],"failureMessages":[],"fullName":"intelligence cross-layer consistency (Phase 3) produces identical canonical digest for equivalent market + entry representations","invocations":1,"location":null,"numPassingAsserts":2,"retryReasons":[],"startAt":1778864825746,"status":"passed","title":"produces identical canonical digest for equivalent market + entry representations"},{"ancestorTitles":["intelligence cross-layer consistency (Phase 3)"],"duration":3,"failing":false,"failureDetails":[],"failureMessages":[],"fullName":"intelligence cross-layer consistency (Phase 3) softens strong hybrid verdicts when data policy triggers","invocations":1,"location":null,"numPassingAsserts":2,"retryReasons":[],"startAt":1778864825754,"status":"passed","title":"softens strong hybrid verdicts when data policy triggers"}],"endTime":1778864825759,"message":"","name":"D:\\Projects\\Stock Trading Platform\\backend\\tests\\unit\\intelligence.crossLayer.test.js","startTime":1778864825614,"status":"passed","summary":""},{"assertionResults":[{"ancestorTitles":["SYSTEM_STATE model","Portfolio state"],"duration":3,"failing":false,"failureDetails":[],"failureMessages":[],"fullName":"SYSTEM_STATE model Portfolio state no holdings -> EMPTY","invocations":1,"location":null,"numPassingAsserts":1,"retryReasons":[],"startAt":1778864825912,"status":"passed","title":"no holdings -> EMPTY"},{"ancestorTitles":["SYSTEM_STATE model","Portfolio state"],"duration":2,"failing":false,"failureDetails":[],"failureMessages":[],"fullName":"SYSTEM_STATE model Portfolio state holdings + fallback price -> PARTIAL","invocations":1,"location":null,"numPassingAsserts":1,"retryReasons":[],"startAt":1778864825915,"status":"passed","title":"holdings + fallback price -> PARTIAL"},{"ancestorTitles":["SYSTEM_STATE model","Portfolio state"],"duration":2,"failing":false,"failureDetails":[],"failureMessages":[],"fullName":"SYSTEM_STATE model Portfolio state holdings + valid live price -> ACTIVE","invocations":1,"location":null,"numPassingAsserts":1,"retryReasons":[],"startAt":1778864825918,"status":"passed","title":"holdings + valid live price -> ACTIVE"},{"ancestorTitles":["SYSTEM_STATE model","Decision state"],"duration":1,"failing":false,"failureDetails":[],"failureMessages":[],"fullName":"SYSTEM_STATE model Decision state missing inputs -> PARTIAL","invocations":1,"location":null,"numPassingAsserts":1,"retryReasons":[],"startAt":1778864825921,"status":"passed","title":"missing inputs -> PARTIAL"},{"ancestorTitles":["SYSTEM_STATE model","Decision state"],"duration":2,"failing":false,"failureDetails":[],"failureMessages":[],"fullName":"SYSTEM_STATE model Decision state full valid inputs -> COMPLETE","invocations":1,"location":null,"numPassingAsserts":1,"retryReasons":[],"startAt":1778864825923,"status":"passed","title":"full valid inputs -> COMPLETE"},{"ancestorTitles":["SYSTEM_STATE model","Reflection state"],"duration":2,"failing":false,"failureDetails":[],"failureMessages":[],"fullName":"SYSTEM_STATE model Reflection state no closed trades -> EMPTY","invocations":1,"location":null,"numPassingAsserts":1,"retryReasons":[],"startAt":1778864825925,"status":"passed","title":"no closed trades -> EMPTY"},{"ancestorTitles":["SYSTEM_STATE model","Reflection state"],"duration":2,"failing":false,"failureDetails":[],"failureMessages":[],"fullName":"SYSTEM_STATE model Reflection state closed trades + incomplete reflection -> PARTIAL","invocations":1,"location":null,"numPassingAsserts":1,"retryReasons":[],"startAt":1778864825927,"status":"passed","title":"closed trades + incomplete reflection -> PARTIAL"},{"ancestorTitles":["SYSTEM_STATE model","Reflection state"],"duration":2,"failing":false,"failureDetails":[],"failureMessages":[],"fullName":"SYSTEM_STATE model Reflection state closed trades + full reflection -> COMPLETE","invocations":1,"location":null,"numPassingAsserts":1,"retryReasons":[],"startAt":1778864825929,"status":"passed","title":"closed trades + full reflection -> COMPLETE"}],"endTime":1778864825934,"message":"","name":"D:\\Projects\\Stock Trading Platform\\backend\\tests\\unit\\system.state.model.test.js","startTime":1778864825774,"status":"passed","summary":""},{"assertionResults":[{"ancestorTitles":["behavior.engine determinism and detection"],"duration":7,"failing":false,"failureDetails":[],"failureMessages":[],"fullName":"behavior.engine determinism and detection detects revenge trading after a loss","invocations":1,"location":null,"numPassingAsserts":2,"retryReasons":[],"startAt":1778864826067,"status":"passed","title":"detects revenge trading after a loss"},{"ancestorTitles":["behavior.engine determinism and detection"],"duration":9,"failing":false,"failureDetails":[],"failureMessages":[],"fullName":"behavior.engine determinism and detection detects overtrading when frequency is too high","invocations":1,"location":null,"numPassingAsserts":2,"retryReasons":[],"startAt":1778864826075,"status":"passed","title":"detects overtrading when frequency is too high"},{"ancestorTitles":["behavior.engine determinism and detection"],"duration":7,"failing":false,"failureDetails":[],"failureMessages":[],"fullName":"behavior.engine determinism and detection produces same output for same input","invocations":1,"location":null,"numPassingAsserts":1,"retryReasons":[],"startAt":1778864826085,"status":"passed","title":"produces same output for same input"},{"ancestorTitles":["behavior.engine determinism and detection"],"duration":2,"failing":false,"failureDetails":[],"failureMessages":[],"fullName":"behavior.engine determinism and detection does not emit a grounded profile for very small closed-trade samples","invocations":1,"location":null,"numPassingAsserts":3,"retryReasons":[],"startAt":1778864826093,"status":"passed","title":"does not emit a grounded profile for very small closed-trade samples"}],"endTime":1778864826096,"message":"","name":"D:\\Projects\\Stock Trading Platform\\backend\\tests\\unit\\behavior.engine.test.js","startTime":1778864825955,"status":"passed","summary":""},{"assertionResults":[{"ancestorTitles":["entry.engine weighted scoring"],"duration":4,"failing":false,"failureDetails":[],"failureMessages":[],"fullName":"entry.engine weighted scoring delivery: setup 80 market 85 behavior 75 → composite 80 → ALLOW","invocations":1,"location":null,"numPassingAsserts":2,"retryReasons":[],"startAt":1778864826250,"status":"passed","title":"delivery: setup 80 market 85 behavior 75 → composite 80 → ALLOW"},{"ancestorTitles":["entry.engine weighted scoring"],"duration":2,"failing":false,"failureDetails":[],"failureMessages":[],"fullName":"entry.engine weighted scoring intraday: same scores → composite 79 (different weights)","invocations":1,"location":null,"numPassingAsserts":2,"retryReasons":[],"startAt":1778864826255,"status":"passed","title":"intraday: same scores → composite 79 (different weights)"},{"ancestorTitles":["entry.engine weighted scoring"],"duration":2,"failing":false,"failureDetails":[],"failureMessages":[],"fullName":"entry.engine weighted scoring behavior below veto floor → AVOID regardless of other scores","invocations":1,"location":null,"numPassingAsserts":2,"retryReasons":[],"startAt":1778864826257,"status":"passed","title":"behavior below veto floor → AVOID regardless of other scores"},{"ancestorTitles":["entry.engine weighted scoring"],"duration":5,"failing":false,"failureDetails":[],"failureMessages":[],"fullName":"entry.engine weighted scoring same explicit input 10× → identical composite and verdict","invocations":1,"location":null,"numPassingAsserts":18,"retryReasons":[],"startAt":1778864826260,"status":"passed","title":"same explicit input 10× → identical composite and verdict"}],"endTime":1778864826266,"message":"","name":"D:\\Projects\\Stock Trading Platform\\backend\\tests\\unit\\entry.engine.weighted.test.js","startTime":1778864826132,"status":"passed","summary":""},{"assertionResults":[{"ancestorTitles":["risk.engine determinism and correctness"],"duration":4,"failing":false,"failureDetails":[],"failureMessages":[],"fullName":"risk.engine determinism and correctness calculates RR correctly for valid BUY plan","invocations":1,"location":null,"numPassingAsserts":1,"retryReasons":[],"startAt":1778864826382,"status":"passed","title":"calculates RR correctly for valid BUY plan"},{"ancestorTitles":["risk.engine determinism and correctness"],"duration":3,"failing":false,"failureDetails":[],"failureMessages":[],"fullName":"risk.engine determinism and correctness rejects invalid BUY plan where RR is below minimum","invocations":1,"location":null,"numPassingAsserts":2,"retryReasons":[],"startAt":1778864826387,"status":"passed","title":"rejects invalid BUY plan where RR is below minimum"},{"ancestorTitles":["risk.engine determinism and correctness"],"duration":3,"failing":false,"failureDetails":[],"failureMessages":[],"fullName":"risk.engine determinism and correctness returns deterministic penalty score for low RR","invocations":1,"location":null,"numPassingAsserts":2,"retryReasons":[],"startAt":1778864826391,"status":"passed","title":"returns deterministic penalty score for low RR"},{"ancestorTitles":["risk.engine determinism and correctness"],"duration":3,"failing":false,"failureDetails":[],"failureMessages":[],"fullName":"risk.engine determinism and correctness rejects invalid side","invocations":1,"location":null,"numPassingAsserts":2,"retryReasons":[],"startAt":1778864826395,"status":"passed","title":"rejects invalid side"},{"ancestorTitles":["risk.engine determinism and correctness"],"duration":3,"failing":false,"failureDetails":[],"failureMessages":[],"fullName":"risk.engine determinism and correctness rejects SELL with invalid directional targets","invocations":1,"location":null,"numPassingAsserts":1,"retryReasons":[],"startAt":1778864826398,"status":"passed","title":"rejects SELL with invalid directional targets"},{"ancestorTitles":["risk.engine determinism and correctness"],"duration":3,"failing":false,"failureDetails":[],"failureMessages":[],"fullName":"risk.engine determinism and correctness computes pnl pct with guardrails","invocations":1,"location":null,"numPassingAsserts":2,"retryReasons":[],"startAt":1778864826402,"status":"passed","title":"computes pnl pct with guardrails"}],"endTime":1778864826407,"message":"","name":"D:\\Projects\\Stock Trading Platform\\backend\\tests\\unit\\risk.engine.test.js","startTime":1778864826298,"status":"passed","summary":""},{"assertionResults":[{"ancestorTitles":["acquirePreLock"],"duration":6,"failing":false,"failureDetails":[],"failureMessages":[],"fullName":"acquirePreLock returns true when first SET NX wins and false on duplicate key","invocations":1,"location":null,"numPassingAsserts":3,"retryReasons":[],"startAt":1778864826576,"status":"passed","title":"returns true when first SET NX wins and false on duplicate key"},{"ancestorTitles":["acquirePreLock"],"duration":4,"failing":false,"failureDetails":[],"failureMessages":[],"fullName":"acquirePreLock returns true when set throws (degrade open)","invocations":1,"location":null,"numPassingAsserts":1,"retryReasons":[],"startAt":1778864826584,"status":"passed","title":"returns true when set throws (degrade open)"}],"endTime":1778864826590,"message":"","name":"D:\\Projects\\Stock Trading Platform\\backend\\tests\\unit\\systemPreLock.test.js","startTime":1778864826423,"status":"passed","summary":""},{"assertionResults":[{"ancestorTitles":["symbol.utils"],"duration":4,"failing":false,"failureDetails":[],"failureMessages":[],"fullName":"symbol.utils normalizeSymbol strips spaces and commas","invocations":1,"location":null,"numPassingAsserts":2,"retryReasons":[],"startAt":1778864826711,"status":"passed","title":"normalizeSymbol strips spaces and commas"},{"ancestorTitles":["symbol.utils"],"duration":4,"failing":false,"failureDetails":[],"failureMessages":[],"fullName":"symbol.utils toYahooSymbol mirrors normalization for plain tickers","invocations":1,"location":null,"numPassingAsserts":2,"retryReasons":[],"startAt":1778864826720,"status":"passed","title":"toYahooSymbol mirrors normalization for plain tickers"}],"endTime":1778864826726,"message":"","name":"D:\\Projects\\Stock Trading Platform\\backend\\tests\\unit\\symbol.utils.test.js","startTime":1778864826605,"status":"passed","summary":""},{"assertionResults":[{"ancestorTitles":["buildSystemRequestId"],"duration":6,"failing":false,"failureDetails":[],"failureMessages":[],"fullName":"buildSystemRequestId formats type:userId:SYMBOL:date and uppercases symbol","invocations":1,"location":null,"numPassingAsserts":1,"retryReasons":[],"startAt":1778864826868,"status":"passed","title":"formats type:userId:SYMBOL:date and uppercases symbol"},{"ancestorTitles":["buildSystemRequestId"],"duration":3,"failing":false,"failureDetails":[],"failureMessages":[],"fullName":"buildSystemRequestId separates SL, TARGET, and SQ namespaces for same user+symbol","invocations":1,"location":null,"numPassingAsserts":1,"retryReasons":[],"startAt":1778864826875,"status":"passed","title":"separates SL, TARGET, and SQ namespaces for same user+symbol"},{"ancestorTitles":["buildSystemRequestId"],"duration":3,"failing":false,"failureDetails":[],"failureMessages":[],"fullName":"buildSystemRequestId matches getISTDateKey suffix","invocations":1,"location":null,"numPassingAsserts":1,"retryReasons":[],"startAt":1778864826879,"status":"passed","title":"matches getISTDateKey suffix"},{"ancestorTitles":["buildSystemRequestId"],"duration":4,"failing":false,"failureDetails":[],"failureMessages":[],"fullName":"buildSystemRequestId getISTDateKey returns YYYY-MM-DD","invocations":1,"location":null,"numPassingAsserts":1,"retryReasons":[],"startAt":1778864826883,"status":"passed","title":"getISTDateKey returns YYYY-MM-DD"}],"endTime":1778864826893,"message":"","name":"D:\\Projects\\Stock Trading Platform\\backend\\tests\\unit\\systemRequestId.test.js","startTime":1778864826742,"status":"passed","summary":""},{"assertionResults":[{"ancestorTitles":["calculateMistakeAnalysis - canonical paise contract"],"duration":3,"failing":false,"failureDetails":[],"failureMessages":[],"fullName":"calculateMistakeAnalysis - canonical paise contract flags OVER_RISK across configured thresholds","invocations":1,"location":null,"numPassingAsserts":3,"retryReasons":[],"startAt":1778864827021,"status":"passed","title":"flags OVER_RISK across configured thresholds"},{"ancestorTitles":["calculateMistakeAnalysis - canonical paise contract"],"duration":2,"failing":false,"failureDetails":[],"failureMessages":[],"fullName":"calculateMistakeAnalysis - canonical paise contract flags NO_STOP_LOSS when stopLossPaise missing","invocations":1,"location":null,"numPassingAsserts":1,"retryReasons":[],"startAt":1778864827024,"status":"passed","title":"flags NO_STOP_LOSS when stopLossPaise missing"},{"ancestorTitles":["calculateMistakeAnalysis - canonical paise contract"],"duration":2,"failing":false,"failureDetails":[],"failureMessages":[],"fullName":"calculateMistakeAnalysis - canonical paise contract flags POOR_RR for weak RR geometry","invocations":1,"location":null,"numPassingAsserts":1,"retryReasons":[],"startAt":1778864827027,"status":"passed","title":"flags POOR_RR for weak RR geometry"},{"ancestorTitles":["calculateMistakeAnalysis - canonical paise contract"],"duration":2,"failing":false,"failureDetails":[],"failureMessages":[],"fullName":"calculateMistakeAnalysis - canonical paise contract flags OVERTRADING above configured frequency","invocations":1,"location":null,"numPassingAsserts":1,"retryReasons":[],"startAt":1778864827029,"status":"passed","title":"flags OVERTRADING above configured frequency"},{"ancestorTitles":["calculateMistakeAnalysis - canonical paise contract"],"duration":2,"failing":false,"failureDetails":[],"failureMessages":[],"fullName":"calculateMistakeAnalysis - canonical paise contract clamps risk score to 100","invocations":1,"location":null,"numPassingAsserts":1,"retryReasons":[],"startAt":1778864827032,"status":"passed","title":"clamps risk score to 100"}],"endTime":1778864827039,"message":"","name":"D:\\Projects\\Stock Trading Platform\\backend\\src\\services\\__tests__\\mistakeAnalysis.test.js","startTime":1778864826910,"status":"passed","summary":""},{"assertionResults":[{"ancestorTitles":["entry.engine revenge+AVOID verdict override"],"duration":14,"failing":false,"failureDetails":[],"failureMessages":[],"fullName":"entry.engine revenge+AVOID verdict override forces BLOCK when revenge flag meets consensus AVOID even if composite is ALLOW","invocations":1,"location":null,"numPassingAsserts":2,"retryReasons":[],"startAt":1778864827128,"status":"passed","title":"forces BLOCK when revenge flag meets consensus AVOID even if composite is ALLOW"}],"endTime":1778864827145,"message":"","name":"D:\\Projects\\Stock Trading Platform\\backend\\tests\\unit\\entry.engine.revengeAvoidVerdict.test.js","startTime":1778864827056,"status":"passed","summary":""},{"assertionResults":[{"ancestorTitles":["exit.engine"],"duration":5,"failing":false,"failureDetails":[],"failureMessages":[],"fullName":"exit.engine classifies exit before stop loss as EARLY_EXIT","invocations":1,"location":null,"numPassingAsserts":2,"retryReasons":[],"startAt":1778864827248,"status":"passed","title":"classifies exit before stop loss as EARLY_EXIT"},{"ancestorTitles":["exit.engine"],"duration":3,"failing":false,"failureDetails":[],"failureMessages":[],"fullName":"exit.engine classifies exit at stop loss as STOP_LOSS_HIT","invocations":1,"location":null,"numPassingAsserts":2,"retryReasons":[],"startAt":1778864827254,"status":"passed","title":"classifies exit at stop loss as STOP_LOSS_HIT"},{"ancestorTitles":["exit.engine"],"duration":4,"failing":false,"failureDetails":[],"failureMessages":[],"fullName":"exit.engine classifies exit at target as NORMAL","invocations":1,"location":null,"numPassingAsserts":2,"retryReasons":[],"startAt":1778864827257,"status":"passed","title":"classifies exit at target as NORMAL"},{"ancestorTitles":["exit.engine"],"duration":3,"failing":false,"failureDetails":[],"failureMessages":[],"fullName":"exit.engine classifies exit beyond target as LATE_EXIT","invocations":1,"location":null,"numPassingAsserts":2,"retryReasons":[],"startAt":1778864827261,"status":"passed","title":"classifies exit beyond target as LATE_EXIT"}],"endTime":1778864827267,"message":"","name":"D:\\Projects\\Stock Trading Platform\\backend\\tests\\unit\\exit.engine.test.js","startTime":1778864827160,"status":"passed","summary":""},{"assertionResults":[{"ancestorTitles":["adaptPortfolio — paise contract"],"duration":10,"failing":false,"failureDetails":[],"failureMessages":[],"fullName":"adaptPortfolio — paise contract rounds monetary fields to integer paise and computes totalPnlPct without throwing","invocations":1,"location":null,"numPassingAsserts":6,"retryReasons":[],"startAt":1778864827367,"status":"passed","title":"rounds monetary fields to integer paise and computes totalPnlPct without throwing"},{"ancestorTitles":["adaptPortfolio — paise contract"],"duration":2,"failing":false,"failureDetails":[],"failureMessages":[],"fullName":"adaptPortfolio — paise contract keeps explicit totalPnlPct when provided","invocations":1,"location":null,"numPassingAsserts":1,"retryReasons":[],"startAt":1778864827378,"status":"passed","title":"keeps explicit totalPnlPct when provided"}],"endTime":1778864827383,"message":"","name":"D:\\Projects\\Stock Trading Platform\\backend\\tests\\unit\\portfolio.adapter.test.js","startTime":1778864827280,"status":"passed","summary":""},{"assertionResults":[{"ancestorTitles":["isSquareoffWindowEligible (IST)"],"duration":7,"failing":false,"failureDetails":[],"failureMessages":[],"fullName":"isSquareoffWindowEligible (IST) returns false on Sunday even after 15:20 IST","invocations":1,"location":null,"numPassingAsserts":1,"retryReasons":[],"startAt":1778864827490,"status":"passed","title":"returns false on Sunday even after 15:20 IST"},{"ancestorTitles":["isSquareoffWindowEligible (IST)"],"duration":5,"failing":false,"failureDetails":[],"failureMessages":[],"fullName":"isSquareoffWindowEligible (IST) returns false on Monday before configured squareoff time","invocations":1,"location":null,"numPassingAsserts":1,"retryReasons":[],"startAt":1778864827498,"status":"passed","title":"returns false on Monday before configured squareoff time"},{"ancestorTitles":["isSquareoffWindowEligible (IST)"],"duration":8,"failing":false,"failureDetails":[],"failureMessages":[],"fullName":"isSquareoffWindowEligible (IST) returns true on Monday at/after configured squareoff time","invocations":1,"location":null,"numPassingAsserts":1,"retryReasons":[],"startAt":1778864827504,"status":"passed","title":"returns true on Monday at/after configured squareoff time"}],"endTime":1778864827515,"message":"","name":"D:\\Projects\\Stock Trading Platform\\backend\\tests\\unit\\marketHours.squareoff.test.js","startTime":1778864827399,"status":"passed","summary":""},{"assertionResults":[{"ancestorTitles":["reflection.engine"],"duration":5,"failing":false,"failureDetails":[],"failureMessages":[],"fullName":"reflection.engine uses exit.engine output to build reflection result","invocations":1,"location":null,"numPassingAsserts":5,"retryReasons":[],"startAt":1778864827622,"status":"passed","title":"uses exit.engine output to build reflection result"}],"endTime":1778864827630,"message":"","name":"D:\\Projects\\Stock Trading Platform\\backend\\tests\\unit\\reflection.engine.test.js","startTime":1778864827530,"status":"passed","summary":""},{"assertionResults":[{"ancestorTitles":["holdings normalizer"],"duration":5,"failing":false,"failureDetails":[],"failureMessages":[],"fullName":"holdings normalizer converts holdings Map to plain object","invocations":1,"location":null,"numPassingAsserts":1,"retryReasons":[],"startAt":1778864827744,"status":"passed","title":"converts holdings Map to plain object"},{"ancestorTitles":["holdings normalizer"],"duration":4,"failing":false,"failureDetails":[],"failureMessages":[],"fullName":"holdings normalizer formats holdings as [{ symbol, quantity, avgPricePaise }]","invocations":1,"location":null,"numPassingAsserts":1,"retryReasons":[],"startAt":1778864827750,"status":"passed","title":"formats holdings as [{ symbol, quantity, avgPricePaise }]"},{"ancestorTitles":["holdings normalizer"],"duration":2,"failing":false,"failureDetails":[],"failureMessages":[],"fullName":"holdings normalizer builds lookup for both full and base symbols","invocations":1,"location":null,"numPassingAsserts":2,"retryReasons":[],"startAt":1778864827754,"status":"passed","title":"builds lookup for both full and base symbols"}],"endTime":1778864827758,"message":"","name":"D:\\Projects\\Stock Trading Platform\\backend\\src\\services\\__tests__\\holdingsNormalizer.test.js","startTime":1778864827646,"status":"passed","summary":""},{"assertionResults":[{"ancestorTitles":["entry.engine"],"duration":5,"failing":false,"failureDetails":[],"failureMessages":[],"fullName":"entry.engine returns ALLOW for a valid entry plan","invocations":1,"location":null,"numPassingAsserts":3,"retryReasons":[],"startAt":1778864827894,"status":"passed","title":"returns ALLOW for a valid entry plan"},{"ancestorTitles":["entry.engine"],"duration":4,"failing":false,"failureDetails":[],"failureMessages":[],"fullName":"entry.engine returns BLOCK when RR is below minimum threshold","invocations":1,"location":null,"numPassingAsserts":3,"retryReasons":[],"startAt":1778864827904,"status":"passed","title":"returns BLOCK when RR is below minimum threshold"},{"ancestorTitles":["entry.engine"],"duration":3,"failing":false,"failureDetails":[],"failureMessages":[],"fullName":"entry.engine returns BLOCK for revenge trading risk with adverse consensus","invocations":1,"location":null,"numPassingAsserts":3,"retryReasons":[],"startAt":1778864827909,"status":"passed","title":"returns BLOCK for revenge trading risk with adverse consensus"}],"endTime":1778864827915,"message":"","name":"D:\\Projects\\Stock Trading Platform\\backend\\tests\\unit\\entry.engine.test.js","startTime":1778864827802,"status":"passed","summary":""},{"assertionResults":[{"ancestorTitles":["hybridIntelligence.applyDeterministicRules"],"duration":5,"failing":false,"failureDetails":[],"failureMessages":[],"fullName":"hybridIntelligence.applyDeterministicRules dedupes identical headlines so confidence is not stacked","invocations":1,"location":null,"numPassingAsserts":2,"retryReasons":[],"startAt":1778864828021,"status":"passed","title":"dedupes identical headlines so confidence is not stacked"}],"endTime":1778864828028,"message":"","name":"D:\\Projects\\Stock Trading Platform\\backend\\tests\\unit\\hybridIntelligence.rules.test.js","startTime":1778864827929,"status":"passed","summary":""}],"wasInterrupted":false}
